[INFO][article.go:71]2022/01/15 14:24:30 [state 状态只允许0或1]
[INFO][article.go:71]2022/01/15 14:24:30 [tag_id 标签ID必须大于0]
[INFO][article.go:71]2022/01/15 14:24:40 [state 状态只允许0或1]
[INFO][article.go:71]2022/01/15 14:24:40 [tag_id 标签ID必须大于0]
[INFO][main.go:29]2022/01/15 15:39:59 [Actual pid is %d 422905]
[INFO][main.go:33]2022/01/15 15:44:24 [Server err: %v accept tcp [::]:8000: use of closed network connection]
[INFO][main.go:29]2022/01/15 15:44:26 [Actual pid is %d 423241]
[INFO][main.go:29]2022/01/15 15:46:39 [Actual pid is %d 423482]
[INFO][main.go:29]2022/01/15 15:47:08 [Actual pid is %d 423525]
[INFO][main.go:29]2022/01/15 15:47:21 [Actual pid is %d 423581]
[INFO][main.go:33]2022/01/15 15:47:21 [Server err: %v accept tcp [::]:8000: use of closed network connection]
[INFO][main.go:33]2022/01/15 15:47:32 [Server err: %v net.Listen error: listen tcp :8000: bind: address already in use]
[INFO][article.go:71]2022/01/15 15:47:58 [state 状态只允许0或1]
[INFO][article.go:71]2022/01/15 15:47:58 [tag_id 标签ID必须大于0]
[INFO][main.go:29]2022/01/15 16:29:00 [Actual pid is %d 427124]
[INFO][main.go:33]2022/01/15 16:30:09 [Server err: %v accept tcp [::]:8000: use of closed network connection]
[INFO][main.go:29]2022/01/15 16:30:22 [Actual pid is %d 427489]
[INFO][main.go:33]2022/01/15 16:33:04 [Server err: %v accept tcp [::]:8000: use of closed network connection]
[INFO][main.go:29]2022/01/15 16:33:17 [Actual pid is %d 428032]
[INFO][main.go:33]2022/01/15 16:33:43 [Server err: %v accept tcp [::]:8000: use of closed network connection]
